<?xml version="1.0" encoding="UTF-8"?>
<testsuite name="notquitejava.parser.Portfolio_tests_parser" tests="1" skipped="0" failures="0" errors="0" timestamp="2023-03-10T14:50:56" hostname="PC-RONAT" time="0.0">
  <properties/>
  <testcase name="testInterfacesAndClassesAlternate" classname="notquitejava.parser.Portfolio_tests_parser" time="0.0"/>
  <system-out><![CDATA[class A  {
    }

class B  {
    }

class C  {
    }

interface Z  {
    int foo(); 
    }

interface Y  {
    }


]]></system-out>
  <system-err><![CDATA[]]></system-err>
</testsuite>
